<?xml version="1.0" encoding="UTF-8"?>
<!-- Generated by org.testng.reporters.JUnitXMLReporter -->
<testsuite hostname="DESKTOP-JAF229B" ignored="0" name="Surefire test" tests="10" failures="6" timestamp="2020-03-25T23:14:46 GMT" time="319.11" errors="0">
  <testcase name="RegisteredUserShouldBeAbleToReferAFriendSuccessfully" time="12.733" classname="NopComPOM.TestSuit"/>
  <testcase name="UserShouldAbleToRegisterSuccessfully" time="54.994" classname="NopComPOM.TestSuit">
    <failure type="org.openqa.selenium.NoSuchElementException" message="no such element: Unable to locate element: {&amp;quot;method&amp;quot;:&amp;quot;css selector&amp;quot;,&amp;quot;selector&amp;quot;:&amp;quot;.result&amp;quot;}
  (Session info: chrome=80.0.3987.149)
For documentation on this error, please visit: https://www.seleniumhq.org/exceptions/no_such_element.html
Build info: version: &amp;apos;3.141.59&amp;apos;, revision: &amp;apos;e82be7d358&amp;apos;, time: &amp;apos;2018-11-14T08:17:03&amp;apos;
System info: host: &amp;apos;DESKTOP-JAF229B&amp;apos;, ip: &amp;apos;192.168.0.34&amp;apos;, os.name: &amp;apos;Windows 10&amp;apos;, os.arch: &amp;apos;amd64&amp;apos;, os.version: &amp;apos;10.0&amp;apos;, java.version: &amp;apos;1.8.0_231&amp;apos;
Driver info: org.openqa.selenium.chrome.ChromeDriver
Capabilities {acceptInsecureCerts: false, browserName: chrome, browserVersion: 80.0.3987.149, chrome: {chromedriverVersion: 80.0.3987.106 (f68069574609..., userDataDir: C:\Users\pdars\AppData\Loca...}, goog:chromeOptions: {debuggerAddress: localhost:58652}, javascriptEnabled: true, networkConnectionEnabled: false, pageLoadStrategy: normal, platform: WINDOWS, platformName: WINDOWS, proxy: Proxy(), setWindowRect: true, strictFileInteractability: false, timeouts: {implicit: 0, pageLoad: 300000, script: 30000}, unhandledPromptBehavior: dismiss and notify}
Session ID: b2373959d9f71660e5d7cb88fc5cfe30
*** Element info: {Using=class name, value=result}">
      <![CDATA[org.openqa.selenium.NoSuchElementException: no such element: Unable to locate element: {"method":"css selector","selector":".result"}
  (Session info: chrome=80.0.3987.149)
For documentation on this error, please visit: https://www.seleniumhq.org/exceptions/no_such_element.html
Build info: version: '3.141.59', revision: 'e82be7d358', time: '2018-11-14T08:17:03'
System info: host: 'DESKTOP-JAF229B', ip: '192.168.0.34', os.name: 'Windows 10', os.arch: 'amd64', os.version: '10.0', java.version: '1.8.0_231'
Driver info: org.openqa.selenium.chrome.ChromeDriver
Capabilities {acceptInsecureCerts: false, browserName: chrome, browserVersion: 80.0.3987.149, chrome: {chromedriverVersion: 80.0.3987.106 (f68069574609..., userDataDir: C:\Users\pdars\AppData\Loca...}, goog:chromeOptions: {debuggerAddress: localhost:58652}, javascriptEnabled: true, networkConnectionEnabled: false, pageLoadStrategy: normal, platform: WINDOWS, platformName: WINDOWS, proxy: Proxy(), setWindowRect: true, strictFileInteractability: false, timeouts: {implicit: 0, pageLoad: 300000, script: 30000}, unhandledPromptBehavior: dismiss and notify}
Session ID: b2373959d9f71660e5d7cb88fc5cfe30
*** Element info: {Using=class name, value=result}
at org.openqa.selenium.remote.http.W3CHttpResponseCodec.createException(W3CHttpResponseCodec.java:187)
at org.openqa.selenium.remote.http.W3CHttpResponseCodec.decode(W3CHttpResponseCodec.java:122)
at org.openqa.selenium.remote.http.W3CHttpResponseCodec.decode(W3CHttpResponseCodec.java:49)
at org.openqa.selenium.remote.HttpCommandExecutor.execute(HttpCommandExecutor.java:158)
at org.openqa.selenium.remote.service.DriverCommandExecutor.execute(DriverCommandExecutor.java:83)
at org.openqa.selenium.remote.RemoteWebDriver.execute(RemoteWebDriver.java:552)
at org.openqa.selenium.remote.RemoteWebDriver.findElement(RemoteWebDriver.java:323)
at org.openqa.selenium.remote.RemoteWebDriver.findElementByClassName(RemoteWebDriver.java:412)
at org.openqa.selenium.By$ByClassName.findElement(By.java:389)
at org.openqa.selenium.remote.RemoteWebDriver.findElement(RemoteWebDriver.java:315)
at NopComPOM.Utils.getTextFromElement(Utils.java:31)
at NopComPOM.Utils.assertTextMessage(Utils.java:82)
at NopComPOM.RegistrationResultPage.VerifyUserRegistrationSuccessMessage(RegistrationResultPage.java:12)
at NopComPOM.TestSuit.UserShouldAbleToRegisterSuccessfully(TestSuit.java:38)
at java.util.ArrayList.forEach(ArrayList.java:1257)
... Removed 36 stack frames]]>
    </failure>
  </testcase> <!-- UserShouldAbleToRegisterSuccessfully -->
  <testcase name="UserShouldBeAbleToCompareTwoDifferentProductsSuccessfully" time="15.043" classname="NopComPOM.TestSuit">
    <failure type="java.lang.AssertionError" message="Compare products expected [compare products] but found [page not found]">
      <![CDATA[java.lang.AssertionError: Compare products expected [compare products] but found [page not found]
at NopComPOM.Utils.assertTextMessage(Utils.java:83)
at NopComPOM.ProductComparison.VerifyUserIsOnComparisionPage(ProductComparison.java:10)
at NopComPOM.TestSuit.UserShouldBeAbleToCompareTwoDifferentProductsSuccessfully(TestSuit.java:50)
at java.util.ArrayList.forEach(ArrayList.java:1257)
... Removed 36 stack frames]]>
    </failure>
  </testcase> <!-- UserShouldBeAbleToCompareTwoDifferentProductsSuccessfully -->
  <testcase name="UserShouldBeAbleToSortProductHighToLowByPrice" time="4.653" classname="NopComPOM.TestSuit"/>
  <testcase name="guestUserShouldBeAbleToCheckoutSuccessfully" time="87.91" classname="NopComPOM.TestSuit">
    <failure type="org.openqa.selenium.NoSuchElementException" message="no such element: Unable to locate element: {&amp;quot;method&amp;quot;:&amp;quot;xpath&amp;quot;,&amp;quot;selector&amp;quot;:&amp;quot;//strong[contains(text(),&amp;apos;processed&amp;apos;)]&amp;quot;}
  (Session info: chrome=80.0.3987.149)
For documentation on this error, please visit: https://www.seleniumhq.org/exceptions/no_such_element.html
Build info: version: &amp;apos;3.141.59&amp;apos;, revision: &amp;apos;e82be7d358&amp;apos;, time: &amp;apos;2018-11-14T08:17:03&amp;apos;
System info: host: &amp;apos;DESKTOP-JAF229B&amp;apos;, ip: &amp;apos;192.168.0.34&amp;apos;, os.name: &amp;apos;Windows 10&amp;apos;, os.arch: &amp;apos;amd64&amp;apos;, os.version: &amp;apos;10.0&amp;apos;, java.version: &amp;apos;1.8.0_231&amp;apos;
Driver info: org.openqa.selenium.chrome.ChromeDriver
Capabilities {acceptInsecureCerts: false, browserName: chrome, browserVersion: 80.0.3987.149, chrome: {chromedriverVersion: 80.0.3987.106 (f68069574609..., userDataDir: C:\Users\pdars\AppData\Loca...}, goog:chromeOptions: {debuggerAddress: localhost:58769}, javascriptEnabled: true, networkConnectionEnabled: false, pageLoadStrategy: normal, platform: WINDOWS, platformName: WINDOWS, proxy: Proxy(), setWindowRect: true, strictFileInteractability: false, timeouts: {implicit: 0, pageLoad: 300000, script: 30000}, unhandledPromptBehavior: dismiss and notify}
Session ID: 8a488bec17be9310ff16e0a17f811a0d
*** Element info: {Using=xpath, value=//strong[contains(text(),&amp;apos;processed&amp;apos;)]}">
      <![CDATA[org.openqa.selenium.NoSuchElementException: no such element: Unable to locate element: {"method":"xpath","selector":"//strong[contains(text(),'processed')]"}
  (Session info: chrome=80.0.3987.149)
For documentation on this error, please visit: https://www.seleniumhq.org/exceptions/no_such_element.html
Build info: version: '3.141.59', revision: 'e82be7d358', time: '2018-11-14T08:17:03'
System info: host: 'DESKTOP-JAF229B', ip: '192.168.0.34', os.name: 'Windows 10', os.arch: 'amd64', os.version: '10.0', java.version: '1.8.0_231'
Driver info: org.openqa.selenium.chrome.ChromeDriver
Capabilities {acceptInsecureCerts: false, browserName: chrome, browserVersion: 80.0.3987.149, chrome: {chromedriverVersion: 80.0.3987.106 (f68069574609..., userDataDir: C:\Users\pdars\AppData\Loca...}, goog:chromeOptions: {debuggerAddress: localhost:58769}, javascriptEnabled: true, networkConnectionEnabled: false, pageLoadStrategy: normal, platform: WINDOWS, platformName: WINDOWS, proxy: Proxy(), setWindowRect: true, strictFileInteractability: false, timeouts: {implicit: 0, pageLoad: 300000, script: 30000}, unhandledPromptBehavior: dismiss and notify}
Session ID: 8a488bec17be9310ff16e0a17f811a0d
*** Element info: {Using=xpath, value=//strong[contains(text(),'processed')]}
at org.openqa.selenium.remote.http.W3CHttpResponseCodec.createException(W3CHttpResponseCodec.java:187)
at org.openqa.selenium.remote.http.W3CHttpResponseCodec.decode(W3CHttpResponseCodec.java:122)
at org.openqa.selenium.remote.http.W3CHttpResponseCodec.decode(W3CHttpResponseCodec.java:49)
at org.openqa.selenium.remote.HttpCommandExecutor.execute(HttpCommandExecutor.java:158)
at org.openqa.selenium.remote.service.DriverCommandExecutor.execute(DriverCommandExecutor.java:83)
at org.openqa.selenium.remote.RemoteWebDriver.execute(RemoteWebDriver.java:552)
at org.openqa.selenium.remote.RemoteWebDriver.findElement(RemoteWebDriver.java:323)
at org.openqa.selenium.remote.RemoteWebDriver.findElementByXPath(RemoteWebDriver.java:428)
at org.openqa.selenium.By$ByXPath.findElement(By.java:353)
at org.openqa.selenium.remote.RemoteWebDriver.findElement(RemoteWebDriver.java:315)
at NopComPOM.Utils.clickOnElement(Utils.java:24)
at NopComPOM.CheckoutResult.verifyCheckoutSuccessMessage(CheckoutResult.java:18)
at NopComPOM.TestSuit.guestUserShouldBeAbleToCheckoutSuccessfully(TestSuit.java:130)
at java.util.ArrayList.forEach(ArrayList.java:1257)
... Removed 36 stack frames]]>
    </failure>
  </testcase> <!-- guestUserShouldBeAbleToCheckoutSuccessfully -->
  <testcase name="nonRegisterUserShouldNotBeAbleToReferAProductToAFriend" time="7.432" classname="NopComPOM.TestSuit"/>
  <testcase name="userShouldBeAbleToAddNewCommentOnNopCommerceWeb" time="11.043" classname="NopComPOM.TestSuit"/>
  <testcase name="userShouldBeAbleToVerifyCurrencyChange" time="2.408" classname="NopComPOM.TestSuit">
    <failure type="java.lang.AssertionError" message="The following asserts failed:
	$ not foundЂ1032.00 expected [true] but found [false],
	$ not foundЂ1548.00 expected [true] but found [false],
	$ not foundЂ210.70 expected [true] but found [false],
	$ not foundЂ21.50 expected [true] but found [false]">
      <![CDATA[java.lang.AssertionError: The following asserts failed:
$ not foundЂ1032.00 expected [true] but found [false],
$ not foundЂ1548.00 expected [true] but found [false],
$ not foundЂ210.70 expected [true] but found [false],
$ not foundЂ21.50 expected [true] but found [false]
at NopComPOM.ChangeCurrency.verifyCurrencyChangeFromUsDollarToEuro(ChangeCurrency.java:34)
at NopComPOM.TestSuit.userShouldBeAbleToVerifyCurrencyChange(TestSuit.java:144)
at java.util.ArrayList.forEach(ArrayList.java:1257)
... Removed 34 stack frames]]>
    </failure>
  </testcase> <!-- userShouldBeAbleToVerifyCurrencyChange -->
  <testcase name="verifyAddToCartButtonIsPresentInAllFeaturedProducts" time="0.058" classname="NopComPOM.TestSuit">
    <failure type="java.lang.AssertionError" message="Some of items does not have ADD TO CART button expected [4] but found [1]">
      <![CDATA[java.lang.AssertionError: Some of items does not have ADD TO CART button expected [4] but found [1]
at NopComPOM.HomePage.checkAddtoCartButtonOnAllProducts(HomePage.java:53)
at NopComPOM.TestSuit.verifyAddToCartButtonIsPresentInAllFeaturedProducts(TestSuit.java:152)
at java.util.ArrayList.forEach(ArrayList.java:1257)
... Removed 36 stack frames]]>
    </failure>
  </testcase> <!-- verifyAddToCartButtonIsPresentInAllFeaturedProducts -->
  <testcase name="verifyAddToCompareButtonForEachProduct" time="0.08" classname="NopComPOM.TestSuit">
    <failure type="java.lang.AssertionError" message="£ not found  expected [true] but found [false]">
      <![CDATA[java.lang.AssertionError: £ not found  expected [true] but found [false]
at NopComPOM.TestSuit.verifyAddToCompareButtonForEachProduct(TestSuit.java:111)
at java.util.ArrayList.forEach(ArrayList.java:1257)
... Removed 35 stack frames]]>
    </failure>
  </testcase> <!-- verifyAddToCompareButtonForEachProduct -->
</testsuite> <!-- Surefire test -->
