<?xml version="1.0" encoding="UTF-8"?>
<testng-results skipped="0" failed="6" ignored="0" total="10" passed="4">
  <reporter-output>
  </reporter-output>
  <suite name="Surefire suite" duration-ms="319110" started-at="2020-03-25T23:09:27 GMT" finished-at="2020-03-25T23:14:46 GMT">
    <groups>
    </groups>
    <test name="Surefire test" duration-ms="319110" started-at="2020-03-25T23:09:27 GMT" finished-at="2020-03-25T23:14:46 GMT">
      <class name="NopComPOM.TestSuit">
        <test-method status="PASS" signature="openBrowser()[pri:0, instance:NopComPOM.TestSuit@4b952a2d]" name="openBrowser" is-config="true" duration-ms="12148" started-at="2020-03-25T23:09:27 GMT" finished-at="2020-03-25T23:09:39 GMT">
          <reporter-output>
          </reporter-output>
        </test-method> <!-- openBrowser -->
        <test-method status="PASS" signature="RegisteredUserShouldBeAbleToReferAFriendSuccessfully()[pri:0, instance:NopComPOM.TestSuit@4b952a2d]" name="RegisteredUserShouldBeAbleToReferAFriendSuccessfully" duration-ms="12733" started-at="2020-03-25T23:09:39 GMT" finished-at="2020-03-25T23:09:52 GMT">
          <reporter-output>
          </reporter-output>
        </test-method> <!-- RegisteredUserShouldBeAbleToReferAFriendSuccessfully -->
        <test-method status="PASS" signature="closeBrowser(org.testng.ITestResult)[pri:0, instance:NopComPOM.TestSuit@4b952a2d]" name="closeBrowser" is-config="true" duration-ms="701" started-at="2020-03-25T23:09:52 GMT" finished-at="2020-03-25T23:09:52 GMT">
          <params>
            <param index="0">
              <value>
                <![CDATA[[TestResult name=RegisteredUserShouldBeAbleToReferAFriendSuccessfully status=SUCCESS method=TestSuit.RegisteredUserShouldBeAbleToReferAFriendSuccessfully()[pri:0, instance:NopComPOM.TestSuit@4b952a2d] output={null}]]]>
              </value>
            </param>
          </params>
          <reporter-output>
          </reporter-output>
        </test-method> <!-- closeBrowser -->
        <test-method status="PASS" signature="openBrowser()[pri:0, instance:NopComPOM.TestSuit@4b952a2d]" name="openBrowser" is-config="true" duration-ms="11145" started-at="2020-03-25T23:09:52 GMT" finished-at="2020-03-25T23:10:03 GMT">
          <reporter-output>
          </reporter-output>
        </test-method> <!-- openBrowser -->
        <test-method status="FAIL" signature="UserShouldAbleToRegisterSuccessfully()[pri:0, instance:NopComPOM.TestSuit@4b952a2d]" name="UserShouldAbleToRegisterSuccessfully" duration-ms="54994" started-at="2020-03-25T23:10:03 GMT" finished-at="2020-03-25T23:10:58 GMT">
          <exception class="org.openqa.selenium.NoSuchElementException">
            <message>
              <![CDATA[no such element: Unable to locate element: {"method":"css selector","selector":".result"}
  (Session info: chrome=80.0.3987.149)
For documentation on this error, please visit: https://www.seleniumhq.org/exceptions/no_such_element.html
Build info: version: '3.141.59', revision: 'e82be7d358', time: '2018-11-14T08:17:03'
System info: host: 'DESKTOP-JAF229B', ip: '192.168.0.34', os.name: 'Windows 10', os.arch: 'amd64', os.version: '10.0', java.version: '1.8.0_231'
Driver info: org.openqa.selenium.chrome.ChromeDriver
Capabilities {acceptInsecureCerts: false, browserName: chrome, browserVersion: 80.0.3987.149, chrome: {chromedriverVersion: 80.0.3987.106 (f68069574609..., userDataDir: C:\Users\pdars\AppData\Loca...}, goog:chromeOptions: {debuggerAddress: localhost:58652}, javascriptEnabled: true, networkConnectionEnabled: false, pageLoadStrategy: normal, platform: WINDOWS, platformName: WINDOWS, proxy: Proxy(), setWindowRect: true, strictFileInteractability: false, timeouts: {implicit: 0, pageLoad: 300000, script: 30000}, unhandledPromptBehavior: dismiss and notify}
Session ID: b2373959d9f71660e5d7cb88fc5cfe30
*** Element info: {Using=class name, value=result}]]>
            </message>
            <full-stacktrace>
              <![CDATA[org.openqa.selenium.NoSuchElementException: no such element: Unable to locate element: {"method":"css selector","selector":".result"}
  (Session info: chrome=80.0.3987.149)
For documentation on this error, please visit: https://www.seleniumhq.org/exceptions/no_such_element.html
Build info: version: '3.141.59', revision: 'e82be7d358', time: '2018-11-14T08:17:03'
System info: host: 'DESKTOP-JAF229B', ip: '192.168.0.34', os.name: 'Windows 10', os.arch: 'amd64', os.version: '10.0', java.version: '1.8.0_231'
Driver info: org.openqa.selenium.chrome.ChromeDriver
Capabilities {acceptInsecureCerts: false, browserName: chrome, browserVersion: 80.0.3987.149, chrome: {chromedriverVersion: 80.0.3987.106 (f68069574609..., userDataDir: C:\Users\pdars\AppData\Loca...}, goog:chromeOptions: {debuggerAddress: localhost:58652}, javascriptEnabled: true, networkConnectionEnabled: false, pageLoadStrategy: normal, platform: WINDOWS, platformName: WINDOWS, proxy: Proxy(), setWindowRect: true, strictFileInteractability: false, timeouts: {implicit: 0, pageLoad: 300000, script: 30000}, unhandledPromptBehavior: dismiss and notify}
Session ID: b2373959d9f71660e5d7cb88fc5cfe30
*** Element info: {Using=class name, value=result}
at sun.reflect.NativeConstructorAccessorImpl.newInstance0(Native Method)
at sun.reflect.NativeConstructorAccessorImpl.newInstance(NativeConstructorAccessorImpl.java:62)
at sun.reflect.DelegatingConstructorAccessorImpl.newInstance(DelegatingConstructorAccessorImpl.java:45)
at java.lang.reflect.Constructor.newInstance(Constructor.java:423)
at org.openqa.selenium.remote.http.W3CHttpResponseCodec.createException(W3CHttpResponseCodec.java:187)
at org.openqa.selenium.remote.http.W3CHttpResponseCodec.decode(W3CHttpResponseCodec.java:122)
at org.openqa.selenium.remote.http.W3CHttpResponseCodec.decode(W3CHttpResponseCodec.java:49)
at org.openqa.selenium.remote.HttpCommandExecutor.execute(HttpCommandExecutor.java:158)
at org.openqa.selenium.remote.service.DriverCommandExecutor.execute(DriverCommandExecutor.java:83)
at org.openqa.selenium.remote.RemoteWebDriver.execute(RemoteWebDriver.java:552)
at org.openqa.selenium.remote.RemoteWebDriver.findElement(RemoteWebDriver.java:323)
at org.openqa.selenium.remote.RemoteWebDriver.findElementByClassName(RemoteWebDriver.java:412)
at org.openqa.selenium.By$ByClassName.findElement(By.java:389)
at org.openqa.selenium.remote.RemoteWebDriver.findElement(RemoteWebDriver.java:315)
at NopComPOM.Utils.getTextFromElement(Utils.java:31)
at NopComPOM.Utils.assertTextMessage(Utils.java:82)
at NopComPOM.RegistrationResultPage.VerifyUserRegistrationSuccessMessage(RegistrationResultPage.java:12)
at NopComPOM.TestSuit.UserShouldAbleToRegisterSuccessfully(TestSuit.java:38)
at sun.reflect.NativeMethodAccessorImpl.invoke0(Native Method)
at sun.reflect.NativeMethodAccessorImpl.invoke(NativeMethodAccessorImpl.java:62)
at sun.reflect.DelegatingMethodAccessorImpl.invoke(DelegatingMethodAccessorImpl.java:43)
at java.lang.reflect.Method.invoke(Method.java:498)
at org.testng.internal.MethodInvocationHelper.invokeMethod(MethodInvocationHelper.java:134)
at org.testng.internal.TestInvoker.invokeMethod(TestInvoker.java:597)
at org.testng.internal.TestInvoker.invokeTestMethod(TestInvoker.java:173)
at org.testng.internal.MethodRunner.runInSequence(MethodRunner.java:46)
at org.testng.internal.TestInvoker$MethodInvocationAgent.invoke(TestInvoker.java:816)
at org.testng.internal.TestInvoker.invokeTestMethods(TestInvoker.java:146)
at org.testng.internal.TestMethodWorker.invokeTestMethods(TestMethodWorker.java:146)
at org.testng.internal.TestMethodWorker.run(TestMethodWorker.java:128)
at java.util.ArrayList.forEach(ArrayList.java:1257)
at org.testng.TestRunner.privateRun(TestRunner.java:766)
at org.testng.TestRunner.run(TestRunner.java:587)
at org.testng.SuiteRunner.runTest(SuiteRunner.java:384)
at org.testng.SuiteRunner.runSequentially(SuiteRunner.java:378)
at org.testng.SuiteRunner.privateRun(SuiteRunner.java:337)
at org.testng.SuiteRunner.run(SuiteRunner.java:286)
at org.testng.SuiteRunnerWorker.runSuite(SuiteRunnerWorker.java:53)
at org.testng.SuiteRunnerWorker.run(SuiteRunnerWorker.java:96)
at org.testng.TestNG.runSuitesSequentially(TestNG.java:1187)
at org.testng.TestNG.runSuitesLocally(TestNG.java:1109)
at org.testng.TestNG.runSuites(TestNG.java:1039)
at org.testng.TestNG.run(TestNG.java:1007)
at org.apache.maven.surefire.testng.TestNGExecutor.run(TestNGExecutor.java:135)
at org.apache.maven.surefire.testng.TestNGDirectoryTestSuite.executeMulti(TestNGDirectoryTestSuite.java:193)
at org.apache.maven.surefire.testng.TestNGDirectoryTestSuite.execute(TestNGDirectoryTestSuite.java:94)
at org.apache.maven.surefire.testng.TestNGProvider.invoke(TestNGProvider.java:146)
at org.apache.maven.surefire.booter.ForkedBooter.invokeProviderInSameClassLoader(ForkedBooter.java:384)
at org.apache.maven.surefire.booter.ForkedBooter.runSuitesInProcess(ForkedBooter.java:345)
at org.apache.maven.surefire.booter.ForkedBooter.execute(ForkedBooter.java:126)
at org.apache.maven.surefire.booter.ForkedBooter.main(ForkedBooter.java:418)
]]>
            </full-stacktrace>
          </exception> <!-- org.openqa.selenium.NoSuchElementException -->
          <reporter-output>
          </reporter-output>
        </test-method> <!-- UserShouldAbleToRegisterSuccessfully -->
        <test-method status="PASS" signature="closeBrowser(org.testng.ITestResult)[pri:0, instance:NopComPOM.TestSuit@4b952a2d]" name="closeBrowser" is-config="true" duration-ms="1064" started-at="2020-03-25T23:10:58 GMT" finished-at="2020-03-25T23:10:59 GMT">
          <params>
            <param index="0">
              <value>
                <![CDATA[[TestResult name=UserShouldAbleToRegisterSuccessfully status=FAILURE method=TestSuit.UserShouldAbleToRegisterSuccessfully()[pri:0, instance:NopComPOM.TestSuit@4b952a2d] output={null}]]]>
              </value>
            </param>
          </params>
          <reporter-output>
          </reporter-output>
        </test-method> <!-- closeBrowser -->
        <test-method status="PASS" signature="openBrowser()[pri:0, instance:NopComPOM.TestSuit@4b952a2d]" name="openBrowser" is-config="true" duration-ms="11136" started-at="2020-03-25T23:10:59 GMT" finished-at="2020-03-25T23:11:11 GMT">
          <reporter-output>
          </reporter-output>
        </test-method> <!-- openBrowser -->
        <test-method status="FAIL" signature="UserShouldBeAbleToCompareTwoDifferentProductsSuccessfully()[pri:0, instance:NopComPOM.TestSuit@4b952a2d]" name="UserShouldBeAbleToCompareTwoDifferentProductsSuccessfully" duration-ms="15043" started-at="2020-03-25T23:11:11 GMT" finished-at="2020-03-25T23:11:26 GMT">
          <exception class="java.lang.AssertionError">
            <message>
              <![CDATA[Compare products expected [compare products] but found [page not found]]]>
            </message>
            <full-stacktrace>
              <![CDATA[java.lang.AssertionError: Compare products expected [compare products] but found [page not found]
at org.testng.Assert.fail(Assert.java:97)
at org.testng.Assert.assertEqualsImpl(Assert.java:136)
at org.testng.Assert.assertEquals(Assert.java:118)
at org.testng.Assert.assertEquals(Assert.java:575)
at NopComPOM.Utils.assertTextMessage(Utils.java:83)
at NopComPOM.ProductComparison.VerifyUserIsOnComparisionPage(ProductComparison.java:10)
at NopComPOM.TestSuit.UserShouldBeAbleToCompareTwoDifferentProductsSuccessfully(TestSuit.java:50)
at sun.reflect.NativeMethodAccessorImpl.invoke0(Native Method)
at sun.reflect.NativeMethodAccessorImpl.invoke(NativeMethodAccessorImpl.java:62)
at sun.reflect.DelegatingMethodAccessorImpl.invoke(DelegatingMethodAccessorImpl.java:43)
at java.lang.reflect.Method.invoke(Method.java:498)
at org.testng.internal.MethodInvocationHelper.invokeMethod(MethodInvocationHelper.java:134)
at org.testng.internal.TestInvoker.invokeMethod(TestInvoker.java:597)
at org.testng.internal.TestInvoker.invokeTestMethod(TestInvoker.java:173)
at org.testng.internal.MethodRunner.runInSequence(MethodRunner.java:46)
at org.testng.internal.TestInvoker$MethodInvocationAgent.invoke(TestInvoker.java:816)
at org.testng.internal.TestInvoker.invokeTestMethods(TestInvoker.java:146)
at org.testng.internal.TestMethodWorker.invokeTestMethods(TestMethodWorker.java:146)
at org.testng.internal.TestMethodWorker.run(TestMethodWorker.java:128)
at java.util.ArrayList.forEach(ArrayList.java:1257)
at org.testng.TestRunner.privateRun(TestRunner.java:766)
at org.testng.TestRunner.run(TestRunner.java:587)
at org.testng.SuiteRunner.runTest(SuiteRunner.java:384)
at org.testng.SuiteRunner.runSequentially(SuiteRunner.java:378)
at org.testng.SuiteRunner.privateRun(SuiteRunner.java:337)
at org.testng.SuiteRunner.run(SuiteRunner.java:286)
at org.testng.SuiteRunnerWorker.runSuite(SuiteRunnerWorker.java:53)
at org.testng.SuiteRunnerWorker.run(SuiteRunnerWorker.java:96)
at org.testng.TestNG.runSuitesSequentially(TestNG.java:1187)
at org.testng.TestNG.runSuitesLocally(TestNG.java:1109)
at org.testng.TestNG.runSuites(TestNG.java:1039)
at org.testng.TestNG.run(TestNG.java:1007)
at org.apache.maven.surefire.testng.TestNGExecutor.run(TestNGExecutor.java:135)
at org.apache.maven.surefire.testng.TestNGDirectoryTestSuite.executeMulti(TestNGDirectoryTestSuite.java:193)
at org.apache.maven.surefire.testng.TestNGDirectoryTestSuite.execute(TestNGDirectoryTestSuite.java:94)
at org.apache.maven.surefire.testng.TestNGProvider.invoke(TestNGProvider.java:146)
at org.apache.maven.surefire.booter.ForkedBooter.invokeProviderInSameClassLoader(ForkedBooter.java:384)
at org.apache.maven.surefire.booter.ForkedBooter.runSuitesInProcess(ForkedBooter.java:345)
at org.apache.maven.surefire.booter.ForkedBooter.execute(ForkedBooter.java:126)
at org.apache.maven.surefire.booter.ForkedBooter.main(ForkedBooter.java:418)
]]>
            </full-stacktrace>
          </exception> <!-- java.lang.AssertionError -->
          <reporter-output>
          </reporter-output>
        </test-method> <!-- UserShouldBeAbleToCompareTwoDifferentProductsSuccessfully -->
        <test-method status="PASS" signature="closeBrowser(org.testng.ITestResult)[pri:0, instance:NopComPOM.TestSuit@4b952a2d]" name="closeBrowser" is-config="true" duration-ms="1369" started-at="2020-03-25T23:11:26 GMT" finished-at="2020-03-25T23:11:27 GMT">
          <params>
            <param index="0">
              <value>
                <![CDATA[[TestResult name=UserShouldBeAbleToCompareTwoDifferentProductsSuccessfully status=FAILURE method=TestSuit.UserShouldBeAbleToCompareTwoDifferentProductsSuccessfully()[pri:0, instance:NopComPOM.TestSuit@4b952a2d] output={null}]]]>
              </value>
            </param>
          </params>
          <reporter-output>
          </reporter-output>
        </test-method> <!-- closeBrowser -->
        <test-method status="PASS" signature="openBrowser()[pri:0, instance:NopComPOM.TestSuit@4b952a2d]" name="openBrowser" is-config="true" duration-ms="11158" started-at="2020-03-25T23:11:27 GMT" finished-at="2020-03-25T23:11:38 GMT">
          <reporter-output>
          </reporter-output>
        </test-method> <!-- openBrowser -->
        <test-method status="PASS" signature="UserShouldBeAbleToSortProductHighToLowByPrice()[pri:0, instance:NopComPOM.TestSuit@4b952a2d]" name="UserShouldBeAbleToSortProductHighToLowByPrice" duration-ms="4653" started-at="2020-03-25T23:11:38 GMT" finished-at="2020-03-25T23:11:43 GMT">
          <reporter-output>
          </reporter-output>
        </test-method> <!-- UserShouldBeAbleToSortProductHighToLowByPrice -->
        <test-method status="PASS" signature="closeBrowser(org.testng.ITestResult)[pri:0, instance:NopComPOM.TestSuit@4b952a2d]" name="closeBrowser" is-config="true" duration-ms="707" started-at="2020-03-25T23:11:43 GMT" finished-at="2020-03-25T23:11:43 GMT">
          <params>
            <param index="0">
              <value>
                <![CDATA[[TestResult name=UserShouldBeAbleToSortProductHighToLowByPrice status=SUCCESS method=TestSuit.UserShouldBeAbleToSortProductHighToLowByPrice()[pri:0, instance:NopComPOM.TestSuit@4b952a2d] output={null}]]]>
              </value>
            </param>
          </params>
          <reporter-output>
          </reporter-output>
        </test-method> <!-- closeBrowser -->
        <test-method status="PASS" signature="openBrowser()[pri:0, instance:NopComPOM.TestSuit@4b952a2d]" name="openBrowser" is-config="true" duration-ms="11309" started-at="2020-03-25T23:11:43 GMT" finished-at="2020-03-25T23:11:55 GMT">
          <reporter-output>
          </reporter-output>
        </test-method> <!-- openBrowser -->
        <test-method status="FAIL" signature="guestUserShouldBeAbleToCheckoutSuccessfully()[pri:0, instance:NopComPOM.TestSuit@4b952a2d]" name="guestUserShouldBeAbleToCheckoutSuccessfully" duration-ms="87910" started-at="2020-03-25T23:11:55 GMT" finished-at="2020-03-25T23:13:23 GMT">
          <exception class="org.openqa.selenium.NoSuchElementException">
            <message>
              <![CDATA[no such element: Unable to locate element: {"method":"xpath","selector":"//strong[contains(text(),'processed')]"}
  (Session info: chrome=80.0.3987.149)
For documentation on this error, please visit: https://www.seleniumhq.org/exceptions/no_such_element.html
Build info: version: '3.141.59', revision: 'e82be7d358', time: '2018-11-14T08:17:03'
System info: host: 'DESKTOP-JAF229B', ip: '192.168.0.34', os.name: 'Windows 10', os.arch: 'amd64', os.version: '10.0', java.version: '1.8.0_231'
Driver info: org.openqa.selenium.chrome.ChromeDriver
Capabilities {acceptInsecureCerts: false, browserName: chrome, browserVersion: 80.0.3987.149, chrome: {chromedriverVersion: 80.0.3987.106 (f68069574609..., userDataDir: C:\Users\pdars\AppData\Loca...}, goog:chromeOptions: {debuggerAddress: localhost:58769}, javascriptEnabled: true, networkConnectionEnabled: false, pageLoadStrategy: normal, platform: WINDOWS, platformName: WINDOWS, proxy: Proxy(), setWindowRect: true, strictFileInteractability: false, timeouts: {implicit: 0, pageLoad: 300000, script: 30000}, unhandledPromptBehavior: dismiss and notify}
Session ID: 8a488bec17be9310ff16e0a17f811a0d
*** Element info: {Using=xpath, value=//strong[contains(text(),'processed')]}]]>
            </message>
            <full-stacktrace>
              <![CDATA[org.openqa.selenium.NoSuchElementException: no such element: Unable to locate element: {"method":"xpath","selector":"//strong[contains(text(),'processed')]"}
  (Session info: chrome=80.0.3987.149)
For documentation on this error, please visit: https://www.seleniumhq.org/exceptions/no_such_element.html
Build info: version: '3.141.59', revision: 'e82be7d358', time: '2018-11-14T08:17:03'
System info: host: 'DESKTOP-JAF229B', ip: '192.168.0.34', os.name: 'Windows 10', os.arch: 'amd64', os.version: '10.0', java.version: '1.8.0_231'
Driver info: org.openqa.selenium.chrome.ChromeDriver
Capabilities {acceptInsecureCerts: false, browserName: chrome, browserVersion: 80.0.3987.149, chrome: {chromedriverVersion: 80.0.3987.106 (f68069574609..., userDataDir: C:\Users\pdars\AppData\Loca...}, goog:chromeOptions: {debuggerAddress: localhost:58769}, javascriptEnabled: true, networkConnectionEnabled: false, pageLoadStrategy: normal, platform: WINDOWS, platformName: WINDOWS, proxy: Proxy(), setWindowRect: true, strictFileInteractability: false, timeouts: {implicit: 0, pageLoad: 300000, script: 30000}, unhandledPromptBehavior: dismiss and notify}
Session ID: 8a488bec17be9310ff16e0a17f811a0d
*** Element info: {Using=xpath, value=//strong[contains(text(),'processed')]}
at sun.reflect.NativeConstructorAccessorImpl.newInstance0(Native Method)
at sun.reflect.NativeConstructorAccessorImpl.newInstance(NativeConstructorAccessorImpl.java:62)
at sun.reflect.DelegatingConstructorAccessorImpl.newInstance(DelegatingConstructorAccessorImpl.java:45)
at java.lang.reflect.Constructor.newInstance(Constructor.java:423)
at org.openqa.selenium.remote.http.W3CHttpResponseCodec.createException(W3CHttpResponseCodec.java:187)
at org.openqa.selenium.remote.http.W3CHttpResponseCodec.decode(W3CHttpResponseCodec.java:122)
at org.openqa.selenium.remote.http.W3CHttpResponseCodec.decode(W3CHttpResponseCodec.java:49)
at org.openqa.selenium.remote.HttpCommandExecutor.execute(HttpCommandExecutor.java:158)
at org.openqa.selenium.remote.service.DriverCommandExecutor.execute(DriverCommandExecutor.java:83)
at org.openqa.selenium.remote.RemoteWebDriver.execute(RemoteWebDriver.java:552)
at org.openqa.selenium.remote.RemoteWebDriver.findElement(RemoteWebDriver.java:323)
at org.openqa.selenium.remote.RemoteWebDriver.findElementByXPath(RemoteWebDriver.java:428)
at org.openqa.selenium.By$ByXPath.findElement(By.java:353)
at org.openqa.selenium.remote.RemoteWebDriver.findElement(RemoteWebDriver.java:315)
at NopComPOM.Utils.clickOnElement(Utils.java:24)
at NopComPOM.CheckoutResult.verifyCheckoutSuccessMessage(CheckoutResult.java:18)
at NopComPOM.TestSuit.guestUserShouldBeAbleToCheckoutSuccessfully(TestSuit.java:130)
at sun.reflect.NativeMethodAccessorImpl.invoke0(Native Method)
at sun.reflect.NativeMethodAccessorImpl.invoke(NativeMethodAccessorImpl.java:62)
at sun.reflect.DelegatingMethodAccessorImpl.invoke(DelegatingMethodAccessorImpl.java:43)
at java.lang.reflect.Method.invoke(Method.java:498)
at org.testng.internal.MethodInvocationHelper.invokeMethod(MethodInvocationHelper.java:134)
at org.testng.internal.TestInvoker.invokeMethod(TestInvoker.java:597)
at org.testng.internal.TestInvoker.invokeTestMethod(TestInvoker.java:173)
at org.testng.internal.MethodRunner.runInSequence(MethodRunner.java:46)
at org.testng.internal.TestInvoker$MethodInvocationAgent.invoke(TestInvoker.java:816)
at org.testng.internal.TestInvoker.invokeTestMethods(TestInvoker.java:146)
at org.testng.internal.TestMethodWorker.invokeTestMethods(TestMethodWorker.java:146)
at org.testng.internal.TestMethodWorker.run(TestMethodWorker.java:128)
at java.util.ArrayList.forEach(ArrayList.java:1257)
at org.testng.TestRunner.privateRun(TestRunner.java:766)
at org.testng.TestRunner.run(TestRunner.java:587)
at org.testng.SuiteRunner.runTest(SuiteRunner.java:384)
at org.testng.SuiteRunner.runSequentially(SuiteRunner.java:378)
at org.testng.SuiteRunner.privateRun(SuiteRunner.java:337)
at org.testng.SuiteRunner.run(SuiteRunner.java:286)
at org.testng.SuiteRunnerWorker.runSuite(SuiteRunnerWorker.java:53)
at org.testng.SuiteRunnerWorker.run(SuiteRunnerWorker.java:96)
at org.testng.TestNG.runSuitesSequentially(TestNG.java:1187)
at org.testng.TestNG.runSuitesLocally(TestNG.java:1109)
at org.testng.TestNG.runSuites(TestNG.java:1039)
at org.testng.TestNG.run(TestNG.java:1007)
at org.apache.maven.surefire.testng.TestNGExecutor.run(TestNGExecutor.java:135)
at org.apache.maven.surefire.testng.TestNGDirectoryTestSuite.executeMulti(TestNGDirectoryTestSuite.java:193)
at org.apache.maven.surefire.testng.TestNGDirectoryTestSuite.execute(TestNGDirectoryTestSuite.java:94)
at org.apache.maven.surefire.testng.TestNGProvider.invoke(TestNGProvider.java:146)
at org.apache.maven.surefire.booter.ForkedBooter.invokeProviderInSameClassLoader(ForkedBooter.java:384)
at org.apache.maven.surefire.booter.ForkedBooter.runSuitesInProcess(ForkedBooter.java:345)
at org.apache.maven.surefire.booter.ForkedBooter.execute(ForkedBooter.java:126)
at org.apache.maven.surefire.booter.ForkedBooter.main(ForkedBooter.java:418)
]]>
            </full-stacktrace>
          </exception> <!-- org.openqa.selenium.NoSuchElementException -->
          <reporter-output>
          </reporter-output>
        </test-method> <!-- guestUserShouldBeAbleToCheckoutSuccessfully -->
        <test-method status="PASS" signature="closeBrowser(org.testng.ITestResult)[pri:0, instance:NopComPOM.TestSuit@4b952a2d]" name="closeBrowser" is-config="true" duration-ms="1109" started-at="2020-03-25T23:13:23 GMT" finished-at="2020-03-25T23:13:24 GMT">
          <params>
            <param index="0">
              <value>
                <![CDATA[[TestResult name=guestUserShouldBeAbleToCheckoutSuccessfully status=FAILURE method=TestSuit.guestUserShouldBeAbleToCheckoutSuccessfully()[pri:0, instance:NopComPOM.TestSuit@4b952a2d] output={null}]]]>
              </value>
            </param>
          </params>
          <reporter-output>
          </reporter-output>
        </test-method> <!-- closeBrowser -->
        <test-method status="PASS" signature="openBrowser()[pri:0, instance:NopComPOM.TestSuit@4b952a2d]" name="openBrowser" is-config="true" duration-ms="11235" started-at="2020-03-25T23:13:24 GMT" finished-at="2020-03-25T23:13:35 GMT">
          <reporter-output>
          </reporter-output>
        </test-method> <!-- openBrowser -->
        <test-method status="PASS" signature="nonRegisterUserShouldNotBeAbleToReferAProductToAFriend()[pri:0, instance:NopComPOM.TestSuit@4b952a2d]" name="nonRegisterUserShouldNotBeAbleToReferAProductToAFriend" duration-ms="7432" started-at="2020-03-25T23:13:35 GMT" finished-at="2020-03-25T23:13:42 GMT">
          <reporter-output>
          </reporter-output>
        </test-method> <!-- nonRegisterUserShouldNotBeAbleToReferAProductToAFriend -->
        <test-method status="PASS" signature="closeBrowser(org.testng.ITestResult)[pri:0, instance:NopComPOM.TestSuit@4b952a2d]" name="closeBrowser" is-config="true" duration-ms="704" started-at="2020-03-25T23:13:42 GMT" finished-at="2020-03-25T23:13:43 GMT">
          <params>
            <param index="0">
              <value>
                <![CDATA[[TestResult name=nonRegisterUserShouldNotBeAbleToReferAProductToAFriend status=SUCCESS method=TestSuit.nonRegisterUserShouldNotBeAbleToReferAProductToAFriend()[pri:0, instance:NopComPOM.TestSuit@4b952a2d] output={null}]]]>
              </value>
            </param>
          </params>
          <reporter-output>
          </reporter-output>
        </test-method> <!-- closeBrowser -->
        <test-method status="PASS" signature="openBrowser()[pri:0, instance:NopComPOM.TestSuit@4b952a2d]" name="openBrowser" is-config="true" duration-ms="11116" started-at="2020-03-25T23:13:43 GMT" finished-at="2020-03-25T23:13:54 GMT">
          <reporter-output>
          </reporter-output>
        </test-method> <!-- openBrowser -->
        <test-method status="PASS" signature="userShouldBeAbleToAddNewCommentOnNopCommerceWeb()[pri:0, instance:NopComPOM.TestSuit@4b952a2d]" name="userShouldBeAbleToAddNewCommentOnNopCommerceWeb" duration-ms="11043" started-at="2020-03-25T23:13:54 GMT" finished-at="2020-03-25T23:14:05 GMT">
          <reporter-output>
          </reporter-output>
        </test-method> <!-- userShouldBeAbleToAddNewCommentOnNopCommerceWeb -->
        <test-method status="PASS" signature="closeBrowser(org.testng.ITestResult)[pri:0, instance:NopComPOM.TestSuit@4b952a2d]" name="closeBrowser" is-config="true" duration-ms="725" started-at="2020-03-25T23:14:05 GMT" finished-at="2020-03-25T23:14:06 GMT">
          <params>
            <param index="0">
              <value>
                <![CDATA[[TestResult name=userShouldBeAbleToAddNewCommentOnNopCommerceWeb status=SUCCESS method=TestSuit.userShouldBeAbleToAddNewCommentOnNopCommerceWeb()[pri:0, instance:NopComPOM.TestSuit@4b952a2d] output={null}]]]>
              </value>
            </param>
          </params>
          <reporter-output>
          </reporter-output>
        </test-method> <!-- closeBrowser -->
        <test-method status="PASS" signature="openBrowser()[pri:0, instance:NopComPOM.TestSuit@4b952a2d]" name="openBrowser" is-config="true" duration-ms="11035" started-at="2020-03-25T23:14:06 GMT" finished-at="2020-03-25T23:14:17 GMT">
          <reporter-output>
          </reporter-output>
        </test-method> <!-- openBrowser -->
        <test-method status="FAIL" signature="userShouldBeAbleToVerifyCurrencyChange()[pri:0, instance:NopComPOM.TestSuit@4b952a2d]" name="userShouldBeAbleToVerifyCurrencyChange" duration-ms="2408" started-at="2020-03-25T23:14:17 GMT" finished-at="2020-03-25T23:14:20 GMT">
          <exception class="java.lang.AssertionError">
            <message>
              <![CDATA[The following asserts failed:
$ not foundЂ1032.00 expected [true] but found [false],
$ not foundЂ1548.00 expected [true] but found [false],
$ not foundЂ210.70 expected [true] but found [false],
$ not foundЂ21.50 expected [true] but found [false]]]>
            </message>
            <full-stacktrace>
              <![CDATA[java.lang.AssertionError: The following asserts failed:
$ not foundЂ1032.00 expected [true] but found [false],
$ not foundЂ1548.00 expected [true] but found [false],
$ not foundЂ210.70 expected [true] but found [false],
$ not foundЂ21.50 expected [true] but found [false]
at org.testng.asserts.SoftAssert.assertAll(SoftAssert.java:47)
at org.testng.asserts.SoftAssert.assertAll(SoftAssert.java:31)
at NopComPOM.ChangeCurrency.verifyCurrencyChangeFromUsDollarToEuro(ChangeCurrency.java:34)
at NopComPOM.TestSuit.userShouldBeAbleToVerifyCurrencyChange(TestSuit.java:144)
at sun.reflect.NativeMethodAccessorImpl.invoke0(Native Method)
at sun.reflect.NativeMethodAccessorImpl.invoke(NativeMethodAccessorImpl.java:62)
at sun.reflect.DelegatingMethodAccessorImpl.invoke(DelegatingMethodAccessorImpl.java:43)
at java.lang.reflect.Method.invoke(Method.java:498)
at org.testng.internal.MethodInvocationHelper.invokeMethod(MethodInvocationHelper.java:134)
at org.testng.internal.TestInvoker.invokeMethod(TestInvoker.java:597)
at org.testng.internal.TestInvoker.invokeTestMethod(TestInvoker.java:173)
at org.testng.internal.MethodRunner.runInSequence(MethodRunner.java:46)
at org.testng.internal.TestInvoker$MethodInvocationAgent.invoke(TestInvoker.java:816)
at org.testng.internal.TestInvoker.invokeTestMethods(TestInvoker.java:146)
at org.testng.internal.TestMethodWorker.invokeTestMethods(TestMethodWorker.java:146)
at org.testng.internal.TestMethodWorker.run(TestMethodWorker.java:128)
at java.util.ArrayList.forEach(ArrayList.java:1257)
at org.testng.TestRunner.privateRun(TestRunner.java:766)
at org.testng.TestRunner.run(TestRunner.java:587)
at org.testng.SuiteRunner.runTest(SuiteRunner.java:384)
at org.testng.SuiteRunner.runSequentially(SuiteRunner.java:378)
at org.testng.SuiteRunner.privateRun(SuiteRunner.java:337)
at org.testng.SuiteRunner.run(SuiteRunner.java:286)
at org.testng.SuiteRunnerWorker.runSuite(SuiteRunnerWorker.java:53)
at org.testng.SuiteRunnerWorker.run(SuiteRunnerWorker.java:96)
at org.testng.TestNG.runSuitesSequentially(TestNG.java:1187)
at org.testng.TestNG.runSuitesLocally(TestNG.java:1109)
at org.testng.TestNG.runSuites(TestNG.java:1039)
at org.testng.TestNG.run(TestNG.java:1007)
at org.apache.maven.surefire.testng.TestNGExecutor.run(TestNGExecutor.java:135)
at org.apache.maven.surefire.testng.TestNGDirectoryTestSuite.executeMulti(TestNGDirectoryTestSuite.java:193)
at org.apache.maven.surefire.testng.TestNGDirectoryTestSuite.execute(TestNGDirectoryTestSuite.java:94)
at org.apache.maven.surefire.testng.TestNGProvider.invoke(TestNGProvider.java:146)
at org.apache.maven.surefire.booter.ForkedBooter.invokeProviderInSameClassLoader(ForkedBooter.java:384)
at org.apache.maven.surefire.booter.ForkedBooter.runSuitesInProcess(ForkedBooter.java:345)
at org.apache.maven.surefire.booter.ForkedBooter.execute(ForkedBooter.java:126)
at org.apache.maven.surefire.booter.ForkedBooter.main(ForkedBooter.java:418)
]]>
            </full-stacktrace>
          </exception> <!-- java.lang.AssertionError -->
          <reporter-output>
          </reporter-output>
        </test-method> <!-- userShouldBeAbleToVerifyCurrencyChange -->
        <test-method status="PASS" signature="closeBrowser(org.testng.ITestResult)[pri:0, instance:NopComPOM.TestSuit@4b952a2d]" name="closeBrowser" is-config="true" duration-ms="1202" started-at="2020-03-25T23:14:20 GMT" finished-at="2020-03-25T23:14:21 GMT">
          <params>
            <param index="0">
              <value>
                <![CDATA[[TestResult name=userShouldBeAbleToVerifyCurrencyChange status=FAILURE method=TestSuit.userShouldBeAbleToVerifyCurrencyChange()[pri:0, instance:NopComPOM.TestSuit@4b952a2d] output={null}]]]>
              </value>
            </param>
          </params>
          <reporter-output>
          </reporter-output>
        </test-method> <!-- closeBrowser -->
        <test-method status="PASS" signature="openBrowser()[pri:0, instance:NopComPOM.TestSuit@4b952a2d]" name="openBrowser" is-config="true" duration-ms="11214" started-at="2020-03-25T23:14:21 GMT" finished-at="2020-03-25T23:14:32 GMT">
          <reporter-output>
          </reporter-output>
        </test-method> <!-- openBrowser -->
        <test-method status="FAIL" signature="verifyAddToCartButtonIsPresentInAllFeaturedProducts()[pri:0, instance:NopComPOM.TestSuit@4b952a2d]" name="verifyAddToCartButtonIsPresentInAllFeaturedProducts" duration-ms="58" started-at="2020-03-25T23:14:32 GMT" finished-at="2020-03-25T23:14:32 GMT">
          <exception class="java.lang.AssertionError">
            <message>
              <![CDATA[Some of items does not have ADD TO CART button expected [4] but found [1]]]>
            </message>
            <full-stacktrace>
              <![CDATA[java.lang.AssertionError: Some of items does not have ADD TO CART button expected [4] but found [1]
at org.testng.Assert.fail(Assert.java:97)
at org.testng.Assert.assertEqualsImpl(Assert.java:136)
at org.testng.Assert.assertEquals(Assert.java:118)
at org.testng.Assert.assertEquals(Assert.java:839)
at NopComPOM.HomePage.checkAddtoCartButtonOnAllProducts(HomePage.java:53)
at NopComPOM.TestSuit.verifyAddToCartButtonIsPresentInAllFeaturedProducts(TestSuit.java:152)
at sun.reflect.NativeMethodAccessorImpl.invoke0(Native Method)
at sun.reflect.NativeMethodAccessorImpl.invoke(NativeMethodAccessorImpl.java:62)
at sun.reflect.DelegatingMethodAccessorImpl.invoke(DelegatingMethodAccessorImpl.java:43)
at java.lang.reflect.Method.invoke(Method.java:498)
at org.testng.internal.MethodInvocationHelper.invokeMethod(MethodInvocationHelper.java:134)
at org.testng.internal.TestInvoker.invokeMethod(TestInvoker.java:597)
at org.testng.internal.TestInvoker.invokeTestMethod(TestInvoker.java:173)
at org.testng.internal.MethodRunner.runInSequence(MethodRunner.java:46)
at org.testng.internal.TestInvoker$MethodInvocationAgent.invoke(TestInvoker.java:816)
at org.testng.internal.TestInvoker.invokeTestMethods(TestInvoker.java:146)
at org.testng.internal.TestMethodWorker.invokeTestMethods(TestMethodWorker.java:146)
at org.testng.internal.TestMethodWorker.run(TestMethodWorker.java:128)
at java.util.ArrayList.forEach(ArrayList.java:1257)
at org.testng.TestRunner.privateRun(TestRunner.java:766)
at org.testng.TestRunner.run(TestRunner.java:587)
at org.testng.SuiteRunner.runTest(SuiteRunner.java:384)
at org.testng.SuiteRunner.runSequentially(SuiteRunner.java:378)
at org.testng.SuiteRunner.privateRun(SuiteRunner.java:337)
at org.testng.SuiteRunner.run(SuiteRunner.java:286)
at org.testng.SuiteRunnerWorker.runSuite(SuiteRunnerWorker.java:53)
at org.testng.SuiteRunnerWorker.run(SuiteRunnerWorker.java:96)
at org.testng.TestNG.runSuitesSequentially(TestNG.java:1187)
at org.testng.TestNG.runSuitesLocally(TestNG.java:1109)
at org.testng.TestNG.runSuites(TestNG.java:1039)
at org.testng.TestNG.run(TestNG.java:1007)
at org.apache.maven.surefire.testng.TestNGExecutor.run(TestNGExecutor.java:135)
at org.apache.maven.surefire.testng.TestNGDirectoryTestSuite.executeMulti(TestNGDirectoryTestSuite.java:193)
at org.apache.maven.surefire.testng.TestNGDirectoryTestSuite.execute(TestNGDirectoryTestSuite.java:94)
at org.apache.maven.surefire.testng.TestNGProvider.invoke(TestNGProvider.java:146)
at org.apache.maven.surefire.booter.ForkedBooter.invokeProviderInSameClassLoader(ForkedBooter.java:384)
at org.apache.maven.surefire.booter.ForkedBooter.runSuitesInProcess(ForkedBooter.java:345)
at org.apache.maven.surefire.booter.ForkedBooter.execute(ForkedBooter.java:126)
at org.apache.maven.surefire.booter.ForkedBooter.main(ForkedBooter.java:418)
]]>
            </full-stacktrace>
          </exception> <!-- java.lang.AssertionError -->
          <reporter-output>
          </reporter-output>
        </test-method> <!-- verifyAddToCartButtonIsPresentInAllFeaturedProducts -->
        <test-method status="PASS" signature="closeBrowser(org.testng.ITestResult)[pri:0, instance:NopComPOM.TestSuit@4b952a2d]" name="closeBrowser" is-config="true" duration-ms="1119" started-at="2020-03-25T23:14:32 GMT" finished-at="2020-03-25T23:14:33 GMT">
          <params>
            <param index="0">
              <value>
                <![CDATA[[TestResult name=verifyAddToCartButtonIsPresentInAllFeaturedProducts status=FAILURE method=TestSuit.verifyAddToCartButtonIsPresentInAllFeaturedProducts()[pri:0, instance:NopComPOM.TestSuit@4b952a2d] output={null}]]]>
              </value>
            </param>
          </params>
          <reporter-output>
          </reporter-output>
        </test-method> <!-- closeBrowser -->
        <test-method status="PASS" signature="openBrowser()[pri:0, instance:NopComPOM.TestSuit@4b952a2d]" name="openBrowser" is-config="true" duration-ms="11318" started-at="2020-03-25T23:14:33 GMT" finished-at="2020-03-25T23:14:44 GMT">
          <reporter-output>
          </reporter-output>
        </test-method> <!-- openBrowser -->
        <test-method status="FAIL" signature="verifyAddToCompareButtonForEachProduct()[pri:0, instance:NopComPOM.TestSuit@4b952a2d]" name="verifyAddToCompareButtonForEachProduct" duration-ms="80" started-at="2020-03-25T23:14:44 GMT" finished-at="2020-03-25T23:14:45 GMT">
          <exception class="java.lang.AssertionError">
            <message>
              <![CDATA[£ not found  expected [true] but found [false]]]>
            </message>
            <full-stacktrace>
              <![CDATA[java.lang.AssertionError: £ not found  expected [true] but found [false]
at org.testng.Assert.fail(Assert.java:97)
at org.testng.Assert.failNotEquals(Assert.java:969)
at org.testng.Assert.assertTrue(Assert.java:43)
at NopComPOM.TestSuit.verifyAddToCompareButtonForEachProduct(TestSuit.java:111)
at sun.reflect.NativeMethodAccessorImpl.invoke0(Native Method)
at sun.reflect.NativeMethodAccessorImpl.invoke(NativeMethodAccessorImpl.java:62)
at sun.reflect.DelegatingMethodAccessorImpl.invoke(DelegatingMethodAccessorImpl.java:43)
at java.lang.reflect.Method.invoke(Method.java:498)
at org.testng.internal.MethodInvocationHelper.invokeMethod(MethodInvocationHelper.java:134)
at org.testng.internal.TestInvoker.invokeMethod(TestInvoker.java:597)
at org.testng.internal.TestInvoker.invokeTestMethod(TestInvoker.java:173)
at org.testng.internal.MethodRunner.runInSequence(MethodRunner.java:46)
at org.testng.internal.TestInvoker$MethodInvocationAgent.invoke(TestInvoker.java:816)
at org.testng.internal.TestInvoker.invokeTestMethods(TestInvoker.java:146)
at org.testng.internal.TestMethodWorker.invokeTestMethods(TestMethodWorker.java:146)
at org.testng.internal.TestMethodWorker.run(TestMethodWorker.java:128)
at java.util.ArrayList.forEach(ArrayList.java:1257)
at org.testng.TestRunner.privateRun(TestRunner.java:766)
at org.testng.TestRunner.run(TestRunner.java:587)
at org.testng.SuiteRunner.runTest(SuiteRunner.java:384)
at org.testng.SuiteRunner.runSequentially(SuiteRunner.java:378)
at org.testng.SuiteRunner.privateRun(SuiteRunner.java:337)
at org.testng.SuiteRunner.run(SuiteRunner.java:286)
at org.testng.SuiteRunnerWorker.runSuite(SuiteRunnerWorker.java:53)
at org.testng.SuiteRunnerWorker.run(SuiteRunnerWorker.java:96)
at org.testng.TestNG.runSuitesSequentially(TestNG.java:1187)
at org.testng.TestNG.runSuitesLocally(TestNG.java:1109)
at org.testng.TestNG.runSuites(TestNG.java:1039)
at org.testng.TestNG.run(TestNG.java:1007)
at org.apache.maven.surefire.testng.TestNGExecutor.run(TestNGExecutor.java:135)
at org.apache.maven.surefire.testng.TestNGDirectoryTestSuite.executeMulti(TestNGDirectoryTestSuite.java:193)
at org.apache.maven.surefire.testng.TestNGDirectoryTestSuite.execute(TestNGDirectoryTestSuite.java:94)
at org.apache.maven.surefire.testng.TestNGProvider.invoke(TestNGProvider.java:146)
at org.apache.maven.surefire.booter.ForkedBooter.invokeProviderInSameClassLoader(ForkedBooter.java:384)
at org.apache.maven.surefire.booter.ForkedBooter.runSuitesInProcess(ForkedBooter.java:345)
at org.apache.maven.surefire.booter.ForkedBooter.execute(ForkedBooter.java:126)
at org.apache.maven.surefire.booter.ForkedBooter.main(ForkedBooter.java:418)
]]>
            </full-stacktrace>
          </exception> <!-- java.lang.AssertionError -->
          <reporter-output>
          </reporter-output>
        </test-method> <!-- verifyAddToCompareButtonForEachProduct -->
        <test-method status="PASS" signature="closeBrowser(org.testng.ITestResult)[pri:0, instance:NopComPOM.TestSuit@4b952a2d]" name="closeBrowser" is-config="true" duration-ms="1160" started-at="2020-03-25T23:14:45 GMT" finished-at="2020-03-25T23:14:46 GMT">
          <params>
            <param index="0">
              <value>
                <![CDATA[[TestResult name=verifyAddToCompareButtonForEachProduct status=FAILURE method=TestSuit.verifyAddToCompareButtonForEachProduct()[pri:0, instance:NopComPOM.TestSuit@4b952a2d] output={null}]]]>
              </value>
            </param>
          </params>
          <reporter-output>
          </reporter-output>
        </test-method> <!-- closeBrowser -->
      </class> <!-- NopComPOM.TestSuit -->
    </test> <!-- Surefire test -->
  </suite> <!-- Surefire suite -->
</testng-results>
